#
# A fatal error has been detected by the Java Runtime Environment:
#
#  SIGSEGV (0xb) at pc=0x000000012019d4d6, pid=78242, tid=27211
#
# JRE version: Java(TM) SE Runtime Environment (8.0_25-b17) (build 1.8.0_25-b17)
# Java VM: Java HotSpot(TM) 64-Bit Server VM (25.25-b02 mixed mode bsd-amd64 compressed oops)
# Problematic frame:
# C  [libawt_lwawt.dylib+0x1b4d6]  OGLSD_SetScratchSurface+0x3d
#
# Failed to write core dump. Core dumps have been disabled. To enable core dumping, try "ulimit -c unlimited" before starting Java again
#
# If you would like to submit a bug report, please visit:
#   http://bugreport.sun.com/bugreport/crash.jsp
# The crash happened outside the Java Virtual Machine in native code.
# See problematic frame for where to report the bug.
#

---------------  T H R E A D  ---------------

Current thread (0x00007ff113140800):  JavaThread "Java2D Queue Flusher" daemon [_thread_in_native, id=27211, stack(0x0000000124125000,0x0000000124225000)]

siginfo: si_signo: 11 (SIGSEGV), si_code: 0 (unknown), si_addr: 0x0000000000000000

Registers:
RAX=0x00007ff111939038, RBX=0x00007ff1131409e8, RCX=0x00007ff111939040, RDX=0x00000001201bdad0
RSP=0x0000000124224730, RBP=0x0000000124224750, RSI=0x00007ff111663ee0, RDI=0x00007ff111939038
R8 =0x00000000000001ba, R9 =0x0000000000000060, R10=0x00000001083dcd78, R11=0x00000001083be740
R12=0x0000000000000000, R13=0x00000001242248e8, R14=0x00007ff111660002, R15=0x838000007fff8d0c
RIP=0x000000012019d4d6, EFLAGS=0x0000000000010206, ERR=0x0000000000000000
  TRAPNO=0x000000000000000d

Top of Stack: (sp=0x0000000124224730)
0x0000000124224730:   00007ff111663ee0 0000000000000000
0x0000000124224740:   00007ff1128e2410 00007ff113140800
0x0000000124224750:   00000001242247d0 00000001201bd5ae
0x0000000124224760:   00007ff111762400 0000000200000001
0x0000000124224770:   0000000000000000 0000000124224800
0x0000000124224780:   0000000000000000 0000000000000000
0x0000000124224790:   00000001242247d0 00007ff1128e2420
0x00000001242247a0:   0000000000654cb8 00007ff1131409e8
0x00000001242247b0:   000000012b008968 0000000000000000
0x00000001242247c0:   0000000124224968 00007ff113140800
0x00000001242247d0:   0000000124224820 00000001083dcdea
0x00000001242247e0:   0000000797629cf8 0000000107504e98
0x00000001242247f0:   0000000000000064 0000000000000000
0x0000000124224800:   0000000000000064 00007ff111761fa8
0x0000000124224810:   0000000124224870 000000010732bf53
0x0000000124224820:   0000000124224940 000000010845463c
0x0000000124224830:   0000000000000001 00007ff111762bb0
0x0000000124224840:   0000000797618100 00007ff113140800
0x0000000124224850:   00007ff113140800 000000011c194a08
0x0000000124224860:   0000000124224968 00007ff113140800
0x0000000124224870:   00000001242248c0 0000000108216728
0x0000000124224880:   0000000797629cf8 00000001082d9866
0x0000000124224890:   0000000124224940 00000001083be79c
0x00000001242248a0:   000000012534490c 00000001242248e8
0x00000001242248b0:   0000000125344988 0000000000000000
0x00000001242248c0:   0000000124224940 0000000107f2398d
0x00000001242248d0:   0000000124224940 0000000107f2398d
0x00000001242248e0:   0000000107f2398d 0000000797629cf8
0x00000001242248f0:   0000000000000001 00000007976181b8
0x0000000124224900:   00000001242248f0 000000011c654bb1
0x0000000124224910:   0000000124224968 000000011c69db40
0x0000000124224920:   0000000000000000 000000011c654cb8 

Instructions: (pc=0x000000012019d4d6)
0x000000012019d4b6:   c0 be 01 00 00 00 e8 1b 9b 02 00 31 c0 eb 6d 48
0x000000012019d4c6:   89 fb 4c 8b 76 10 4d 8b 3e 30 c0 e8 f8 9f 02 00
0x000000012019d4d6:   49 8b 3f 49 89 c4 48 8b 35 3d f0 05 00 30 c0 e8
0x000000012019d4e6:   1c a1 02 00 48 85 c0 75 4c 30 c0 e8 aa 07 02 00 

Register to memory mapping:

RAX=0x00007ff111939038 is an unknown value
RBX=0x00007ff1131409e8 is an unknown value
RCX=0x00007ff111939040 is an unknown value
RDX=0x00000001201bdad0: Java_sun_java2d_opengl_OGLRenderQueue_flushBuffer+0xb5c in /Library/Java/JavaVirtualMachines/jdk1.8.0_25.jdk/Contents/Home/jre/lib/libawt_lwawt.dylib at 0x0000000120182000
RSP=0x0000000124224730 is pointing into the stack for thread: 0x00007ff113140800
RBP=0x0000000124224750 is pointing into the stack for thread: 0x00007ff113140800
RSI=0x00007ff111663ee0 is an unknown value
RDI=0x00007ff111939038 is an unknown value
R8 =0x00000000000001ba is an unknown value
R9 =0x0000000000000060 is an unknown value
R10=0x00000001083dcd78 is at entry_point+56 in (nmethod*)0x00000001083dcbd0
R11=0x00000001083be740 is at entry_point+0 in (nmethod*)0x00000001083be5d0
R12=0x0000000000000000 is an unknown value
R13=0x00000001242248e8 is pointing into the stack for thread: 0x00007ff113140800
R14=0x00007ff111660002 is an unknown value
R15=0x838000007fff8d0c is an unknown value


Stack: [0x0000000124125000,0x0000000124225000],  sp=0x0000000124224730,  free space=1021k
Native frames: (J=compiled Java code, j=interpreted, Vv=VM code, C=native code)
C  [libawt_lwawt.dylib+0x1b4d6]  OGLSD_SetScratchSurface+0x3d
C  [libawt_lwawt.dylib+0x3b5ae]  Java_sun_java2d_opengl_OGLRenderQueue_flushBuffer+0x63a
J 1543  sun.java2d.opengl.OGLRenderQueue.flushBuffer(JI)V (0 bytes) @ 0x00000001083dcdea [0x00000001083dcd40+0xaa]
J 1703 C1 sun.java2d.opengl.OGLRenderQueue.flushBuffer()V (41 bytes) @ 0x000000010845463c [0x00000001084543e0+0x25c]
J 1537 C1 sun.java2d.opengl.OGLRenderQueue.access$100(Lsun/java2d/opengl/OGLRenderQueue;)V (5 bytes) @ 0x00000001083be79c [0x00000001083be740+0x5c]
j  sun.java2d.opengl.OGLRenderQueue$QueueFlusher.run()V+81
v  ~StubRoutines::call_stub
V  [libjvm.dylib+0x2d4516]
V  [libjvm.dylib+0x2d4ca4]
V  [libjvm.dylib+0x2d4e50]
V  [libjvm.dylib+0x32583f]
V  [libjvm.dylib+0x535ed9]
V  [libjvm.dylib+0x53761c]
V  [libjvm.dylib+0x45d87e]
C  [libsystem_pthread.dylib+0x32fc]  _pthread_body+0x83
C  [libsystem_pthread.dylib+0x3279]  _pthread_body+0x0
C  [libsystem_pthread.dylib+0x14b1]  thread_start+0xd
C  0x0000000000000000

Java frames: (J=compiled Java code, j=interpreted, Vv=VM code)
J 1543  sun.java2d.opengl.OGLRenderQueue.flushBuffer(JI)V (0 bytes) @ 0x00000001083dcd78 [0x00000001083dcd40+0x38]
J 1703 C1 sun.java2d.opengl.OGLRenderQueue.flushBuffer()V (41 bytes) @ 0x000000010845463c [0x00000001084543e0+0x25c]
J 1537 C1 sun.java2d.opengl.OGLRenderQueue.access$100(Lsun/java2d/opengl/OGLRenderQueue;)V (5 bytes) @ 0x00000001083be79c [0x00000001083be740+0x5c]
j  sun.java2d.opengl.OGLRenderQueue$QueueFlusher.run()V+81
v  ~StubRoutines::call_stub

---------------  P R O C E S S  ---------------

Java Threads: ( => current thread )
  0x00007ff11225b000 JavaThread "TimerQueue" daemon [_thread_blocked, id=59247, stack(0x0000000127c57000,0x0000000127d57000)]
  0x00007ff11209d000 JavaThread "AWT-EventQueue-0" [_thread_blocked, id=54051, stack(0x0000000125076000,0x0000000125176000)]
  0x00007ff11193a000 JavaThread "Java2D Disposer" daemon [_thread_blocked, id=53579, stack(0x0000000124a9d000,0x0000000124b9d000)]
=>0x00007ff113140800 JavaThread "Java2D Queue Flusher" daemon [_thread_in_native, id=27211, stack(0x0000000124125000,0x0000000124225000)]
  0x00007ff113112000 JavaThread "JNativeHook Dispatch Thread" daemon [_thread_blocked, id=34059, stack(0x0000000122384000,0x0000000122484000)]
  0x00007ff11310d800 JavaThread "AWT-Shutdown" [_thread_blocked, id=30995, stack(0x000000012169b000,0x000000012179b000)]
  0x00007ff1120da800 JavaThread "AppKit Thread" daemon [_thread_in_native, id=1811, stack(0x00007fff58ef3000,0x00007fff596f3000)]
  0x00007ff113072800 JavaThread "JNativeHook Hook Thread" [_thread_in_native, id=19987, stack(0x000000011fea7000,0x000000011ffa7000)]
  0x00007ff112827800 JavaThread "Service Thread" daemon [_thread_blocked, id=18179, stack(0x000000011fb65000,0x000000011fc65000)]
  0x00007ff112017800 JavaThread "C1 CompilerThread2" daemon [_thread_blocked, id=17667, stack(0x000000011fa62000,0x000000011fb62000)]
  0x00007ff11281e800 JavaThread "C2 CompilerThread1" daemon [_thread_blocked, id=17155, stack(0x000000011f95f000,0x000000011fa5f000)]
  0x00007ff11281d000 JavaThread "C2 CompilerThread0" daemon [_thread_blocked, id=16643, stack(0x000000011f85c000,0x000000011f95c000)]
  0x00007ff111832000 JavaThread "Signal Dispatcher" daemon [_thread_blocked, id=13335, stack(0x000000011f759000,0x000000011f859000)]
  0x00007ff11280b800 JavaThread "Finalizer" daemon [_thread_blocked, id=11523, stack(0x000000011de1e000,0x000000011df1e000)]
  0x00007ff112035000 JavaThread "Reference Handler" daemon [_thread_blocked, id=11011, stack(0x000000011dd1b000,0x000000011de1b000)]
  0x00007ff11180a000 JavaThread "main" [_thread_in_Java, id=4867, stack(0x0000000106623000,0x0000000106723000)]

Other Threads:
  0x00007ff112032000 VMThread [stack: 0x000000011dc18000,0x000000011dd18000] [id=10499]
  0x00007ff112801000 WatcherThread [stack: 0x000000011fc68000,0x000000011fd68000] [id=18691]

VM state:not at safepoint (normal execution)

VM Mutex/Monitor currently owned by a thread: None

Heap:
 PSYoungGen      total 38400K, used 8004K [0x0000000795580000, 0x0000000798000000, 0x00000007c0000000)
  eden space 33280K, 8% used [0x0000000795580000,0x0000000795857270,0x0000000797600000)
  from space 5120K, 99% used [0x0000000797600000,0x0000000797af9dc8,0x0000000797b00000)
  to   space 5120K, 0% used [0x0000000797b00000,0x0000000797b00000,0x0000000798000000)
 ParOldGen       total 87552K, used 1503K [0x0000000740000000, 0x0000000745580000, 0x0000000795580000)
  object space 87552K, 1% used [0x0000000740000000,0x0000000740177ce8,0x0000000745580000)
 Metaspace       used 16551K, capacity 16707K, committed 17024K, reserved 1064960K
  class space    used 1809K, capacity 1835K, committed 1920K, reserved 1048576K

Card table byte_map: [0x00000001172dc000,0x00000001176dd000] byte_map_base: 0x00000001138dc000

Marking Bits: (ParMarkBitMap*) 0x000000010789d390
 Begin Bits: [0x0000000117d94000, 0x0000000119d94000)
 End Bits:   [0x0000000119d94000, 0x000000011bd94000)

Polling page: 0x0000000106767000

CodeCache: size=245760Kb used=7279Kb max_used=7282Kb free=238481Kb
 bounds [0x0000000107f1c000, 0x000000010864c000, 0x0000000116f1c000]
 total_blobs=2804 nmethods=2258 adapters=459
 compilation: enabled

Compilation events (10 events):
Event: 140.131 Thread 0x00007ff112017800 nmethod 2257 0x0000000108634e10 code [0x0000000108634fc0, 0x0000000108635838]
Event: 140.131 Thread 0x00007ff112017800 2258       3       java.lang.ref.Finalizer::hasBeenFinalized (14 bytes)
Event: 140.131 Thread 0x00007ff112017800 nmethod 2258 0x0000000108635ad0 code [0x0000000108635c40, 0x0000000108635df0]
Event: 140.131 Thread 0x00007ff112017800 2259   !   3       java.lang.ref.Finalizer::remove (94 bytes)
Event: 140.132 Thread 0x00007ff112017800 nmethod 2259 0x0000000108635e50 code [0x0000000108635fe0, 0x00000001086364f0]
Event: 140.132 Thread 0x00007ff112017800 2260       3       java.lang.System$2::invokeFinalize (5 bytes)
Event: 140.132 Thread 0x00007ff112017800 nmethod 2260 0x0000000108636650 code [0x00000001086367c0, 0x00000001086369e8]
Event: 140.132 Thread 0x00007ff112017800 2262       3       javax.swing.text.GapContent$MarkVector::insertElementAt (19 bytes)
Event: 140.132 Thread 0x00007ff112017800 nmethod 2262 0x0000000108636a90 code [0x0000000108636c00, 0x0000000108636f88]
Event: 140.132 Thread 0x00007ff112017800 2263       3       java.lang.reflect.AccessibleObject::checkAccess (96 bytes)

GC Heap History (2 events):
Event: 140.107 GC heap before
{Heap before GC invocations=1 (full 0):
 PSYoungGen      total 38400K, used 33280K [0x0000000795580000, 0x0000000798000000, 0x00000007c0000000)
  eden space 33280K, 100% used [0x0000000795580000,0x0000000797600000,0x0000000797600000)
  from space 5120K, 0% used [0x0000000797b00000,0x0000000797b00000,0x0000000798000000)
  to   space 5120K, 0% used [0x0000000797600000,0x0000000797600000,0x0000000797b00000)
 ParOldGen       total 87552K, used 0K [0x0000000740000000, 0x0000000745580000, 0x0000000795580000)
  object space 87552K, 0% used [0x0000000740000000,0x0000000740000000,0x0000000745580000)
 Metaspace       used 16536K, capacity 16643K, committed 17024K, reserved 1064960K
  class space    used 1809K, capacity 1835K, committed 1920K, reserved 1048576K
Event: 140.123 GC heap after
Heap after GC invocations=1 (full 0):
 PSYoungGen      total 38400K, used 5095K [0x0000000795580000, 0x0000000798000000, 0x00000007c0000000)
  eden space 33280K, 0% used [0x0000000795580000,0x0000000795580000,0x0000000797600000)
  from space 5120K, 99% used [0x0000000797600000,0x0000000797af9dc8,0x0000000797b00000)
  to   space 5120K, 0% used [0x0000000797b00000,0x0000000797b00000,0x0000000798000000)
 ParOldGen       total 87552K, used 1503K [0x0000000740000000, 0x0000000745580000, 0x0000000795580000)
  object space 87552K, 1% used [0x0000000740000000,0x0000000740177ce8,0x0000000745580000)
 Metaspace       used 16536K, capacity 16643K, committed 17024K, reserved 1064960K
  class space    used 1809K, capacity 1835K, committed 1920K, reserved 1048576K
}

Deoptimization events (10 events):
Event: 2.075 Thread 0x00007ff11209d000 Uncommon trap: reason=class_check action=maybe_recompile pc=0x000000010815d6bc method=java.util.HashMap.putVal(ILjava/lang/Object;Ljava/lang/Object;ZZ)Ljava/lang/Object; @ 91
Event: 2.075 Thread 0x00007ff11209d000 Uncommon trap: reason=class_check action=maybe_recompile pc=0x000000010815d6bc method=java.util.HashMap.putVal(ILjava/lang/Object;Ljava/lang/Object;ZZ)Ljava/lang/Object; @ 91
Event: 2.075 Thread 0x00007ff11209d000 Uncommon trap: reason=class_check action=maybe_recompile pc=0x000000010813b410 method=java.util.HashMap.putVal(ILjava/lang/Object;Ljava/lang/Object;ZZ)Ljava/lang/Object; @ 91
Event: 35.481 Thread 0x00007ff1120da800 Uncommon trap: reason=class_check action=maybe_recompile pc=0x00000001081aef6c method=java.util.HashMap.putVal(ILjava/lang/Object;Ljava/lang/Object;ZZ)Ljava/lang/Object; @ 203
Event: 35.481 Thread 0x00007ff1120da800 Uncommon trap: reason=bimorphic action=maybe_recompile pc=0x00000001081aefa4 method=java.util.HashMap.putVal(ILjava/lang/Object;Ljava/lang/Object;ZZ)Ljava/lang/Object; @ 91
Event: 35.481 Thread 0x00007ff1120da800 Uncommon trap: reason=class_check action=maybe_recompile pc=0x00000001081aef6c method=java.util.HashMap.putVal(ILjava/lang/Object;Ljava/lang/Object;ZZ)Ljava/lang/Object; @ 203
Event: 57.657 Thread 0x00007ff11209d000 Uncommon trap: reason=bimorphic action=maybe_recompile pc=0x0000000108293ed4 method=java.util.concurrent.locks.AbstractQueuedSynchronizer.release(I)Z @ 2
Event: 57.679 Thread 0x00007ff11209d000 Uncommon trap: reason=bimorphic action=maybe_recompile pc=0x0000000108293ed4 method=java.util.concurrent.locks.AbstractQueuedSynchronizer.release(I)Z @ 2
Event: 59.202 Thread 0x00007ff11209d000 Uncommon trap: reason=bimorphic action=maybe_recompile pc=0x0000000108293ed4 method=java.util.concurrent.locks.AbstractQueuedSynchronizer.release(I)Z @ 2
Event: 59.210 Thread 0x00007ff11209d000 Uncommon trap: reason=bimorphic action=maybe_recompile pc=0x0000000108293ed4 method=java.util.concurrent.locks.AbstractQueuedSynchronizer.release(I)Z @ 2

Internal exceptions (10 events):
Event: 109.004 Thread 0x00007ff11209d000 Exception <a 'java/security/PrivilegedActionException'> (0x00000007972965c8) thrown at [/HUDSON3/workspace/8-2-build-macosx-x86_64/jdk8u25/1514/hotspot/src/share/vm/prims/jvm.cpp, line 1312]
Event: 109.005 Thread 0x00007ff11209d000 Exception <a 'java/security/PrivilegedActionException'> (0x000000079729c220) thrown at [/HUDSON3/workspace/8-2-build-macosx-x86_64/jdk8u25/1514/hotspot/src/share/vm/prims/jvm.cpp, line 1312]
Event: 109.016 Thread 0x00007ff11209d000 Exception <a 'java/security/PrivilegedActionException'> (0x00000007972c45d0) thrown at [/HUDSON3/workspace/8-2-build-macosx-x86_64/jdk8u25/1514/hotspot/src/share/vm/prims/jvm.cpp, line 1312]
Event: 109.018 Thread 0x00007ff11209d000 Exception <a 'java/security/PrivilegedActionException'> (0x00000007972d18d8) thrown at [/HUDSON3/workspace/8-2-build-macosx-x86_64/jdk8u25/1514/hotspot/src/share/vm/prims/jvm.cpp, line 1312]
Event: 109.019 Thread 0x00007ff11209d000 Exception <a 'java/security/PrivilegedActionException'> (0x00000007972d5ca0) thrown at [/HUDSON3/workspace/8-2-build-macosx-x86_64/jdk8u25/1514/hotspot/src/share/vm/prims/jvm.cpp, line 1312]
Event: 109.031 Thread 0x00007ff11209d000 Exception <a 'java/security/PrivilegedActionException'> (0x0000000797302cf0) thrown at [/HUDSON3/workspace/8-2-build-macosx-x86_64/jdk8u25/1514/hotspot/src/share/vm/prims/jvm.cpp, line 1312]
Event: 109.031 Thread 0x00007ff11209d000 Exception <a 'java/security/PrivilegedActionException'> (0x0000000797305080) thrown at [/HUDSON3/workspace/8-2-build-macosx-x86_64/jdk8u25/1514/hotspot/src/share/vm/prims/jvm.cpp, line 1312]
Event: 109.034 Thread 0x00007ff11209d000 Exception <a 'java/lang/NullPointerException'> (0x0000000797328228) thrown at [/HUDSON3/workspace/8-2-build-macosx-x86_64/jdk8u25/1514/hotspot/src/share/vm/interpreter/linkResolver.cpp, line 1178]
Event: 109.034 Thread 0x00007ff11209d000 Exception <a 'java/lang/NullPointerException'> (0x0000000797328568) thrown at [/HUDSON3/workspace/8-2-build-macosx-x86_64/jdk8u25/1514/hotspot/src/share/vm/interpreter/linkResolver.cpp, line 1178]
Event: 140.125 Thread 0x00007ff11280b800 Exception <a 'java/lang/NullPointerException'> (0x00000007956b02e8) thrown at [/HUDSON3/workspace/8-2-build-macosx-x86_64/jdk8u25/1514/hotspot/src/share/vm/interpreter/linkResolver.cpp, line 1178]

Events (10 events):
Event: 121.010 Thread 0x00007ff112017800 flushing nmethod 0x0000000108037250
Event: 121.010 Thread 0x00007ff112017800 flushing nmethod 0x0000000108058bd0
Event: 124.729 Thread 0x00007ff11209d000 DEOPT PACKING pc=0x00000001082ee0fe sp=0x00000001251747d0
Event: 124.729 Thread 0x00007ff11209d000 DEOPT UNPACKING pc=0x0000000107f63373 sp=0x0000000125174508 mode 0
Event: 140.107 Executing VM operation: ParallelGCFailedAllocation
Event: 140.123 Executing VM operation: ParallelGCFailedAllocation done
Event: 140.127 Executing VM operation: RevokeBias
Event: 140.127 Executing VM operation: RevokeBias done
Event: 140.127 Executing VM operation: RevokeBias
Event: 140.127 Executing VM operation: RevokeBias done


Dynamic libraries:
0x00000000011e2000 	/System/Library/Frameworks/Cocoa.framework/Versions/A/Cocoa
0x00000000011e2000 	/System/Library/Frameworks/Security.framework/Versions/A/Security
0x00000000011e2000 	/System/Library/Frameworks/ApplicationServices.framework/Versions/A/ApplicationServices
0x00000000011e2000 	/usr/lib/libz.1.dylib
0x00000000011e2000 	/usr/lib/libSystem.B.dylib
0x00000000011e2000 	/usr/lib/libobjc.A.dylib
0x00000000011e2000 	/System/Library/Frameworks/CoreFoundation.framework/Versions/A/CoreFoundation
0x00000000011e2000 	/System/Library/Frameworks/Foundation.framework/Versions/C/Foundation
0x00000000011e2000 	/System/Library/Frameworks/AppKit.framework/Versions/C/AppKit
0x00000000011e2000 	/System/Library/Frameworks/CoreData.framework/Versions/A/CoreData
0x00000000011e2000 	/System/Library/PrivateFrameworks/RemoteViewServices.framework/Versions/A/RemoteViewServices
0x00000000011e2000 	/System/Library/PrivateFrameworks/UIFoundation.framework/Versions/A/UIFoundation
0x00000000011e2000 	/System/Library/Frameworks/IOSurface.framework/Versions/A/IOSurface
0x00000000011e2000 	/System/Library/Frameworks/AudioToolbox.framework/Versions/A/AudioToolbox
0x00000000011e2000 	/System/Library/Frameworks/AudioUnit.framework/Versions/A/AudioUnit
0x00000000011e2000 	/System/Library/PrivateFrameworks/DataDetectorsCore.framework/Versions/A/DataDetectorsCore
0x00000000011e2000 	/System/Library/PrivateFrameworks/DesktopServicesPriv.framework/Versions/A/DesktopServicesPriv
0x00000000011e2000 	/System/Library/Frameworks/Carbon.framework/Versions/A/Frameworks/HIToolbox.framework/Versions/A/HIToolbox
0x00000000011e2000 	/System/Library/Frameworks/QuartzCore.framework/Versions/A/QuartzCore
0x00000000011e2000 	/System/Library/Frameworks/Carbon.framework/Versions/A/Frameworks/SpeechRecognition.framework/Versions/A/SpeechRecognition
0x00000000011e2000 	/usr/lib/libauto.dylib
0x00000000011e2000 	/usr/lib/libicucore.A.dylib
0x00000000011e2000 	/usr/lib/libxml2.2.dylib
0x00000000011e2000 	/System/Library/PrivateFrameworks/CoreUI.framework/Versions/A/CoreUI
0x00000000011e2000 	/System/Library/Frameworks/CoreAudio.framework/Versions/A/CoreAudio
0x00000000011e2000 	/System/Library/Frameworks/DiskArbitration.framework/Versions/A/DiskArbitration
0x00000000011e2000 	/usr/lib/liblangid.dylib
0x00000000011e2000 	/System/Library/PrivateFrameworks/MultitouchSupport.framework/Versions/A/MultitouchSupport
0x00000000011e2000 	/System/Library/Frameworks/IOKit.framework/Versions/A/IOKit
0x00000000011e2000 	/usr/lib/libDiagnosticMessagesClient.dylib
0x00000000011e2000 	/System/Library/Frameworks/CoreServices.framework/Versions/A/CoreServices
0x00000000011e2000 	/System/Library/PrivateFrameworks/PerformanceAnalysis.framework/Versions/A/PerformanceAnalysis
0x00000000011e2000 	/System/Library/PrivateFrameworks/GenerationalStorage.framework/Versions/A/GenerationalStorage
0x00000000011e2000 	/System/Library/Frameworks/OpenGL.framework/Versions/A/OpenGL
0x00000000011e2000 	/System/Library/PrivateFrameworks/Sharing.framework/Versions/A/Sharing
0x00000000011e2000 	/System/Library/Frameworks/CoreGraphics.framework/Versions/A/CoreGraphics
0x00000000011e2000 	/System/Library/Frameworks/CoreText.framework/Versions/A/CoreText
0x00000000011e2000 	/System/Library/Frameworks/ImageIO.framework/Versions/A/ImageIO
0x00000000011e2000 	/usr/lib/libextension.dylib
0x00000000011e2000 	/System/Library/PrivateFrameworks/Backup.framework/Versions/A/Backup
0x00000000011e2000 	/usr/lib/libarchive.2.dylib
0x00000000011e2000 	/System/Library/Frameworks/CFNetwork.framework/Versions/A/CFNetwork
0x00000000011e2000 	/System/Library/Frameworks/SystemConfiguration.framework/Versions/A/SystemConfiguration
0x00000000011e2000 	/usr/lib/libCRFSuite.dylib
0x00000000011e2000 	/usr/lib/libc++.1.dylib
0x00000000011e2000 	/usr/lib/libc++abi.dylib
0x00000000011e2000 	/usr/lib/system/libcache.dylib
0x00000000011e2000 	/usr/lib/system/libcommonCrypto.dylib
0x00000000011e2000 	/usr/lib/system/libcompiler_rt.dylib
0x00000000011e2000 	/usr/lib/system/libcopyfile.dylib
0x00000000011e2000 	/usr/lib/system/libcorecrypto.dylib
0x00000000011e2000 	/usr/lib/system/libdispatch.dylib
0x00000000011e2000 	/usr/lib/system/libdyld.dylib
0x00000000011e2000 	/usr/lib/system/libkeymgr.dylib
0x00000000011e2000 	/usr/lib/system/liblaunch.dylib
0x00000000011e2000 	/usr/lib/system/libmacho.dylib
0x00000000011e2000 	/usr/lib/system/libquarantine.dylib
0x00000000011e2000 	/usr/lib/system/libremovefile.dylib
0x00000000011e2000 	/usr/lib/system/libsystem_asl.dylib
0x00000000011e2000 	/usr/lib/system/libsystem_blocks.dylib
0x00000000011e2000 	/usr/lib/system/libsystem_c.dylib
0x00000000011e2000 	/usr/lib/system/libsystem_configuration.dylib
0x00000000011e2000 	/usr/lib/system/libsystem_coreservices.dylib
0x00000000011e2000 	/usr/lib/system/libsystem_coretls.dylib
0x00000000011e2000 	/usr/lib/system/libsystem_dnssd.dylib
0x00000000011e2000 	/usr/lib/system/libsystem_info.dylib
0x00000000011e2000 	/usr/lib/system/libsystem_kernel.dylib
0x00000000011e2000 	/usr/lib/system/libsystem_m.dylib
0x00000000011e2000 	/usr/lib/system/libsystem_malloc.dylib
0x00000000011e2000 	/usr/lib/system/libsystem_network.dylib
0x00000000011e2000 	/usr/lib/system/libsystem_networkextension.dylib
0x00000000011e2000 	/usr/lib/system/libsystem_notify.dylib
0x00000000011e2000 	/usr/lib/system/libsystem_platform.dylib
0x00000000011e2000 	/usr/lib/system/libsystem_pthread.dylib
0x00000000011e2000 	/usr/lib/system/libsystem_sandbox.dylib
0x00000000011e2000 	/usr/lib/system/libsystem_secinit.dylib
0x00000000011e2000 	/usr/lib/system/libsystem_stats.dylib
0x00000000011e2000 	/usr/lib/system/libsystem_trace.dylib
0x00000000011e2000 	/usr/lib/system/libunc.dylib
0x00000000011e2000 	/usr/lib/system/libunwind.dylib
0x00000000011e2000 	/usr/lib/system/libxpc.dylib
0x00000000011e2000 	/usr/lib/libbz2.1.0.dylib
0x00000000011e2000 	/usr/lib/liblzma.5.dylib
0x00000000011e2000 	/usr/lib/libbsm.0.dylib
0x00000000011e2000 	/usr/lib/libsqlite3.dylib
0x00000000011e2000 	/usr/lib/system/libkxld.dylib
0x00000000011e2000 	/usr/lib/libxar.1.dylib
0x00000000011e2000 	/usr/lib/libpam.2.dylib
0x00000000011e2000 	/usr/lib/libOpenScriptingUtil.dylib
0x00000000011e2000 	/System/Library/Frameworks/CoreServices.framework/Versions/A/Frameworks/FSEvents.framework/Versions/A/FSEvents
0x00000000011e2000 	/System/Library/Frameworks/CoreServices.framework/Versions/A/Frameworks/CarbonCore.framework/Versions/A/CarbonCore
0x00000000011e2000 	/System/Library/Frameworks/CoreServices.framework/Versions/A/Frameworks/Metadata.framework/Versions/A/Metadata
0x00000000011e2000 	/System/Library/Frameworks/CoreServices.framework/Versions/A/Frameworks/OSServices.framework/Versions/A/OSServices
0x00000000011e2000 	/System/Library/Frameworks/CoreServices.framework/Versions/A/Frameworks/SearchKit.framework/Versions/A/SearchKit
0x00000000011e2000 	/System/Library/Frameworks/CoreServices.framework/Versions/A/Frameworks/AE.framework/Versions/A/AE
0x00000000011e2000 	/System/Library/Frameworks/CoreServices.framework/Versions/A/Frameworks/LaunchServices.framework/Versions/A/LaunchServices
0x00000000011e2000 	/System/Library/Frameworks/CoreServices.framework/Versions/A/Frameworks/DictionaryServices.framework/Versions/A/DictionaryServices
0x00000000011e2000 	/System/Library/Frameworks/NetFS.framework/Versions/A/NetFS
0x00000000011e2000 	/System/Library/PrivateFrameworks/NetAuth.framework/Versions/A/NetAuth
0x00000000011e2000 	/System/Library/PrivateFrameworks/login.framework/Versions/A/Frameworks/loginsupport.framework/Versions/A/loginsupport
0x00000000011e2000 	/System/Library/PrivateFrameworks/TCC.framework/Versions/A/TCC
0x00000000011e2000 	/usr/lib/libmecabra.dylib
0x00000000011e2000 	/System/Library/PrivateFrameworks/LanguageModeling.framework/Versions/A/LanguageModeling
0x00000000011e2000 	/usr/lib/libcmph.dylib
0x00000000011e2000 	/usr/lib/libiconv.2.dylib
0x00000000011e2000 	/System/Library/Frameworks/OpenDirectory.framework/Versions/A/Frameworks/CFOpenDirectory.framework/Versions/A/CFOpenDirectory
0x00000000011e2000 	/System/Library/Frameworks/ServiceManagement.framework/Versions/A/ServiceManagement
0x00000000011e2000 	/usr/lib/libxslt.1.dylib
0x00000000011e2000 	/System/Library/Frameworks/Carbon.framework/Versions/A/Frameworks/Ink.framework/Versions/A/Ink
0x00000000011e2000 	/System/Library/Frameworks/ApplicationServices.framework/Versions/A/Frameworks/ATS.framework/Versions/A/ATS
0x00000000011e2000 	/System/Library/Frameworks/ApplicationServices.framework/Versions/A/Frameworks/ColorSync.framework/Versions/A/ColorSync
0x00000000011e2000 	/System/Library/Frameworks/ApplicationServices.framework/Versions/A/Frameworks/HIServices.framework/Versions/A/HIServices
0x00000000011e2000 	/System/Library/Frameworks/ApplicationServices.framework/Versions/A/Frameworks/LangAnalysis.framework/Versions/A/LangAnalysis
0x00000000011e2000 	/System/Library/Frameworks/ApplicationServices.framework/Versions/A/Frameworks/PrintCore.framework/Versions/A/PrintCore
0x00000000011e2000 	/System/Library/Frameworks/ApplicationServices.framework/Versions/A/Frameworks/QD.framework/Versions/A/QD
0x00000000011e2000 	/System/Library/Frameworks/ApplicationServices.framework/Versions/A/Frameworks/SpeechSynthesis.framework/Versions/A/SpeechSynthesis
0x00000000011e2000 	/System/Library/Frameworks/Accelerate.framework/Versions/A/Accelerate
0x00000000011e2000 	/System/Library/Frameworks/Accelerate.framework/Versions/A/Frameworks/vImage.framework/Versions/A/vImage
0x00000000011e2000 	/System/Library/Frameworks/Accelerate.framework/Versions/A/Frameworks/vecLib.framework/Versions/A/vecLib
0x00000000011e2000 	/System/Library/Frameworks/Accelerate.framework/Versions/A/Frameworks/vecLib.framework/Versions/A/libvDSP.dylib
0x00000000011e2000 	/System/Library/Frameworks/Accelerate.framework/Versions/A/Frameworks/vecLib.framework/Versions/A/libvMisc.dylib
0x00000000011e2000 	/System/Library/Frameworks/Accelerate.framework/Versions/A/Frameworks/vecLib.framework/Versions/A/libLAPACK.dylib
0x00000000011e2000 	/System/Library/Frameworks/Accelerate.framework/Versions/A/Frameworks/vecLib.framework/Versions/A/libBLAS.dylib
0x00000000011e2000 	/System/Library/Frameworks/Accelerate.framework/Versions/A/Frameworks/vecLib.framework/Versions/A/libLinearAlgebra.dylib
0x00000000011e2000 	/System/Library/Frameworks/ApplicationServices.framework/Versions/A/Frameworks/ATS.framework/Versions/A/Resources/libFontParser.dylib
0x00000000011e2000 	/System/Library/Frameworks/ApplicationServices.framework/Versions/A/Frameworks/ATS.framework/Versions/A/Resources/libFontRegistry.dylib
0x00000000011e2000 	/System/Library/PrivateFrameworks/AppleVPA.framework/Versions/A/AppleVPA
0x00000000011e2000 	/System/Library/PrivateFrameworks/AppleJPEG.framework/Versions/A/AppleJPEG
0x00000000011e2000 	/System/Library/Frameworks/ImageIO.framework/Versions/A/Resources/libJPEG.dylib
0x00000000011e2000 	/System/Library/Frameworks/ImageIO.framework/Versions/A/Resources/libTIFF.dylib
0x00000000011e2000 	/System/Library/Frameworks/ImageIO.framework/Versions/A/Resources/libPng.dylib
0x00000000011e2000 	/System/Library/Frameworks/ImageIO.framework/Versions/A/Resources/libGIF.dylib
0x00000000011e2000 	/System/Library/Frameworks/ImageIO.framework/Versions/A/Resources/libJP2.dylib
0x00000000011e2000 	/System/Library/Frameworks/ImageIO.framework/Versions/A/Resources/libRadiance.dylib
0x00000000011e2000 	/System/Library/Frameworks/CoreVideo.framework/Versions/A/CoreVideo
0x00000000011e2000 	/System/Library/Frameworks/OpenGL.framework/Versions/A/Libraries/libGLU.dylib
0x00000000011e2000 	/System/Library/Frameworks/OpenGL.framework/Versions/A/Libraries/libGFXShared.dylib
0x00000000011e2000 	/System/Library/Frameworks/OpenGL.framework/Versions/A/Libraries/libGL.dylib
0x00000000011e2000 	/System/Library/Frameworks/OpenGL.framework/Versions/A/Libraries/libGLImage.dylib
0x00000000011e2000 	/System/Library/Frameworks/OpenGL.framework/Versions/A/Libraries/libCVMSPluginSupport.dylib
0x00000000011e2000 	/System/Library/Frameworks/OpenGL.framework/Versions/A/Libraries/libCoreVMClient.dylib
0x00000000011e2000 	/usr/lib/libcups.2.dylib
0x00000000011e2000 	/System/Library/Frameworks/Kerberos.framework/Versions/A/Kerberos
0x00000000011e2000 	/System/Library/Frameworks/GSS.framework/Versions/A/GSS
0x00000000011e2000 	/usr/lib/libresolv.9.dylib
0x00000000011e2000 	/System/Library/PrivateFrameworks/Heimdal.framework/Versions/A/Heimdal
0x00000000011e2000 	/usr/lib/libheimdal-asn1.dylib
0x00000000011e2000 	/System/Library/Frameworks/OpenDirectory.framework/Versions/A/OpenDirectory
0x00000000011e2000 	/System/Library/PrivateFrameworks/CommonAuth.framework/Versions/A/CommonAuth
0x00000000011e2000 	/System/Library/Frameworks/SecurityFoundation.framework/Versions/A/SecurityFoundation
0x00000000011e2000 	/System/Library/Frameworks/QuartzCore.framework/Versions/A/Frameworks/CoreImage.framework/Versions/A/CoreImage
0x00000000011e2000 	/System/Library/PrivateFrameworks/CrashReporterSupport.framework/Versions/A/CrashReporterSupport
0x00000000011e2000 	/System/Library/Frameworks/OpenCL.framework/Versions/A/OpenCL
0x00000000011e2000 	/System/Library/PrivateFrameworks/FaceCore.framework/Versions/A/FaceCore
0x00000000011e2000 	/System/Library/PrivateFrameworks/Ubiquity.framework/Versions/A/Ubiquity
0x00000000011e2000 	/System/Library/PrivateFrameworks/IconServices.framework/Versions/A/IconServices
0x00000000011e2000 	/System/Library/PrivateFrameworks/ChunkingLibrary.framework/Versions/A/ChunkingLibrary
0x00000000011e2000 	/System/Library/PrivateFrameworks/Apple80211.framework/Versions/A/Apple80211
0x00000000011e2000 	/System/Library/Frameworks/CoreWLAN.framework/Versions/A/CoreWLAN
0x00000000011e2000 	/System/Library/Frameworks/IOBluetooth.framework/Versions/A/IOBluetooth
0x00000000011e2000 	/System/Library/PrivateFrameworks/CoreWiFi.framework/Versions/A/CoreWiFi
0x00000000011e2000 	/System/Library/Frameworks/CoreBluetooth.framework/Versions/A/CoreBluetooth
0x00000000011e2000 	/System/Library/PrivateFrameworks/DebugSymbols.framework/Versions/A/DebugSymbols
0x00000000011e2000 	/System/Library/PrivateFrameworks/CoreSymbolication.framework/Versions/A/CoreSymbolication
0x00000000011e2000 	/System/Library/PrivateFrameworks/Symbolication.framework/Versions/A/Symbolication
0x00000000011e2000 	/System/Library/PrivateFrameworks/SpeechRecognitionCore.framework/Versions/A/SpeechRecognitionCore
0x0000000107000000 	/Library/Java/JavaVirtualMachines/jdk1.8.0_25.jdk/Contents/Home/jre/lib/server/libjvm.dylib
0x00000000011e2000 	/usr/lib/libstdc++.6.dylib
0x0000000106725000 	/Library/Java/JavaVirtualMachines/jdk1.8.0_25.jdk/Contents/Home/jre/lib/libverify.dylib
0x0000000106733000 	/Library/Java/JavaVirtualMachines/jdk1.8.0_25.jdk/Contents/Home/jre/lib/libjava.dylib
0x0000000106771000 	/Library/Java/JavaVirtualMachines/jdk1.8.0_25.jdk/Contents/Home/jre/lib/libzip.dylib
0x000000011df20000 	/System/Library/Frameworks/JavaVM.framework/Frameworks/JavaRuntimeSupport.framework/JavaRuntimeSupport
0x00000001067eb000 	/System/Library/Frameworks/JavaVM.framework/Versions/A/Frameworks/JavaNativeFoundation.framework/Versions/A/JavaNativeFoundation
0x000000011df36000 	/System/Library/Frameworks/JavaVM.framework/Versions/A/JavaVM
0x00000000011e2000 	/System/Library/Frameworks/Carbon.framework/Versions/A/Carbon
0x000000011df42000 	/System/Library/PrivateFrameworks/JavaLaunching.framework/Versions/A/JavaLaunching
0x00000000011e2000 	/System/Library/Frameworks/Carbon.framework/Versions/A/Frameworks/CommonPanels.framework/Versions/A/CommonPanels
0x00000000011e2000 	/System/Library/Frameworks/Carbon.framework/Versions/A/Frameworks/Help.framework/Versions/A/Help
0x00000000011e2000 	/System/Library/Frameworks/Carbon.framework/Versions/A/Frameworks/ImageCapture.framework/Versions/A/ImageCapture
0x00000000011e2000 	/System/Library/Frameworks/Carbon.framework/Versions/A/Frameworks/OpenScripting.framework/Versions/A/OpenScripting
0x00000000011e2000 	/System/Library/Frameworks/Carbon.framework/Versions/A/Frameworks/Print.framework/Versions/A/Print
0x00000000011e2000 	/System/Library/Frameworks/Carbon.framework/Versions/A/Frameworks/SecurityHI.framework/Versions/A/SecurityHI
0x000000011fe22000 	/private/var/folders/c1/_7qt3q2n3p50nknjhvm72wym0000gn/T/libJNativeHook-2.0.2.dylib
0x0000000120007000 	/Library/Java/JavaVirtualMachines/jdk1.8.0_25.jdk/Contents/Home/jre/lib/libawt.dylib
0x00000001200b6000 	/Library/Java/JavaVirtualMachines/jdk1.8.0_25.jdk/Contents/Home/jre/lib/./libmlib_image.dylib
0x0000000120182000 	/Library/Java/JavaVirtualMachines/jdk1.8.0_25.jdk/Contents/Home/jre/lib/libawt_lwawt.dylib
0x0000000120235000 	/Library/Java/JavaVirtualMachines/jdk1.8.0_25.jdk/Contents/Home/jre/lib/./libosxapp.dylib
0x00000000011e2000 	/System/Library/Frameworks/ExceptionHandling.framework/Versions/A/ExceptionHandling
0x00000000011e2000 	/System/Library/PrivateFrameworks/CoreServicesInternal.framework/Versions/A/CoreServicesInternal
0x00000000011e2000 	/System/Library/PrivateFrameworks/CloudDocs.framework/Versions/A/CloudDocs
0x00000000011e2000 	/System/Library/PrivateFrameworks/CoreDuet.framework/Versions/A/CoreDuet
0x00000000011e2000 	/System/Library/Frameworks/CloudKit.framework/Versions/A/CloudKit
0x00000000011e2000 	/System/Library/PrivateFrameworks/ProtocolBuffer.framework/Versions/A/ProtocolBuffer
0x00000000011e2000 	/System/Library/PrivateFrameworks/CoreDuetDaemonProtocol.framework/Versions/A/CoreDuetDaemonProtocol
0x00000000011e2000 	/System/Library/PrivateFrameworks/CoreDuetDebugLogging.framework/Versions/A/CoreDuetDebugLogging
0x00000000011e2000 	/System/Library/Frameworks/CoreLocation.framework/Versions/A/CoreLocation
0x00000000011e2000 	/System/Library/Frameworks/Accounts.framework/Versions/A/Accounts
0x00000000011e2000 	/System/Library/PrivateFrameworks/ApplePushService.framework/Versions/A/ApplePushService
0x00000000011e2000 	/System/Library/PrivateFrameworks/GeoServices.framework/Versions/A/GeoServices
0x00000000011e2000 	/System/Library/PrivateFrameworks/OAuth.framework/Versions/A/OAuth
0x00000000011e2000 	/System/Library/PrivateFrameworks/CoreDaemon.framework/Versions/B/CoreDaemon
0x00000000011e2000 	/usr/lib/libcrypto.0.9.8.dylib
0x00000000011e2000 	/System/Library/PrivateFrameworks/AppleSRP.framework/Versions/A/AppleSRP
0x00000000011e2000 	/System/Library/PrivateFrameworks/TrustEvaluationAgent.framework/Versions/A/TrustEvaluationAgent
0x00000000011e2000 	/System/Library/Frameworks/CoreGraphics.framework/Versions/A/Resources/libCGCMS.A.dylib
0x00000000011e2000 	/System/Library/Frameworks/CoreGraphics.framework/Versions/A/Resources/libRIP.A.dylib
0x00000000011e2000 	/System/Library/Frameworks/CoreGraphics.framework/Versions/A/Resources/libCGXType.A.dylib
0x00000000011e2000 	/System/Library/Frameworks/OpenCL.framework/Versions/A/Libraries/libcldcpuengine.dylib
0x00000000011e2000 	/System/Library/PrivateFrameworks/DiskImages.framework/Versions/A/DiskImages
0x00000000011e2000 	/System/Library/Frameworks/DiscRecording.framework/Versions/A/DiscRecording
0x00000000011e2000 	/usr/lib/libcsfde.dylib
0x00000000011e2000 	/usr/lib/libcurl.4.dylib
0x00000000011e2000 	/System/Library/PrivateFrameworks/MediaKit.framework/Versions/A/MediaKit
0x00000000011e2000 	/System/Library/PrivateFrameworks/ProtectedCloudStorage.framework/Versions/A/ProtectedCloudStorage
0x00000000011e2000 	/usr/lib/libCoreStorage.dylib
0x00000000011e2000 	/System/Library/PrivateFrameworks/EFILogin.framework/Versions/A/EFILogin
0x00000000011e2000 	/usr/lib/libutil.dylib
0x00000000011e2000 	/System/Library/PrivateFrameworks/FindMyDevice.framework/Versions/A/FindMyDevice
0x00000000011e2000 	/System/Library/Frameworks/LDAP.framework/Versions/A/LDAP
0x00000000011e2000 	/usr/lib/libsasl2.2.dylib
0x0000000122f1c000 	cl_kernels
0x0000000122f1e000 	/System/Library/Frameworks/OpenCL.framework/Versions/A/Libraries/ImageFormats/unorm8_bgra.dylib
0x0000000122f0d000 	cl_kernels
0x00000000011e2000 	/System/Library/PrivateFrameworks/FamilyControls.framework/Versions/A/FamilyControls
0x00000000011e2000 	/System/Library/PrivateFrameworks/CommerceKit.framework/Versions/A/Frameworks/CommerceCore.framework/Versions/A/CommerceCore
0x00000000011e2000 	/System/Library/PrivateFrameworks/SystemAdministration.framework/Versions/A/SystemAdministration
0x00000000011e2000 	/System/Library/PrivateFrameworks/AppContainer.framework/Versions/A/AppContainer
0x00000000011e2000 	/System/Library/PrivateFrameworks/SecCodeWrapper.framework/Versions/A/SecCodeWrapper
0x00000000011e2000 	/System/Library/Frameworks/DirectoryService.framework/Versions/A/DirectoryService
0x00000000011e2000 	/System/Library/PrivateFrameworks/LoginUIKit.framework/Versions/A/Frameworks/LoginUICore.framework/Versions/A/LoginUICore
0x00000000011e2000 	/usr/lib/libodfde.dylib
0x00000000011e2000 	/System/Library/Frameworks/OpenGL.framework/Versions/A/Resources/GLEngine.bundle/GLEngine
0x00000000011e2000 	/System/Library/Frameworks/OpenGL.framework/Versions/A/Libraries/libGLProgrammability.dylib
0x0000000000000000 	/System/Library/Extensions/AppleIntelHD4000GraphicsGLDriver.bundle/Contents/MacOS/AppleIntelHD4000GraphicsGLDriver
0x00000000011e2000 	/System/Library/PrivateFrameworks/IOAccelerator.framework/Versions/A/IOAccelerator
0x00000000011e2000 	/System/Library/PrivateFrameworks/GPUSupport.framework/Versions/A/Libraries/libGPUSupportMercury.dylib
0x00000000011e2000 	/System/Library/Frameworks/OpenGL.framework/Versions/A/Resources/GLRendererFloat.bundle/GLRendererFloat
0x000000012500e000 	/Library/Java/JavaVirtualMachines/jdk1.8.0_25.jdk/Contents/Home/jre/lib/libfontmanager.dylib
0x0000000125178000 	/Library/Java/JavaVirtualMachines/jdk1.8.0_25.jdk/Contents/Home/jre/lib/libosxui.dylib
0x00000001269d7000 	/Library/Java/JavaVirtualMachines/jdk1.8.0_25.jdk/Contents/Home/jre/lib/libnet.dylib
0x0000000126c1d000 	/Library/Java/JavaVirtualMachines/jdk1.8.0_25.jdk/Contents/Home/jre/lib/libnio.dylib

VM Arguments:
jvm_args: -Dfile.encoding=UTF-8 
java_command: Task.Controller
java_class_path (initial): /Users/Jerry/workspace/CS2103-TaskHandler:/Applications/Eclipse.app/Contents/Eclipse/plugins/org.junit_4.12.0.v201504281640/junit.jar:/Applications/Eclipse.app/Contents/Eclipse/plugins/org.hamcrest.core_1.3.0.v201303031735.jar:/Users/Jerry/workspace/CS2103-TaskHandler/lib/gson-2.3.1.jar:/Users/Jerry/workspace/CS2103-TaskHandler/lib/commons-io-2.4.jar:/Users/Jerry/workspace/CS2103-TaskHandler/lib/jnativehook-2.0.2.jar:/Users/Jerry/workspace/CS2103-TaskHandler/lib/antlr-runtime-3.5.2.jar:/Users/Jerry/workspace/CS2103-TaskHandler/lib/ical4j-1.0.2.jar:/Users/Jerry/workspace/CS2103-TaskHandler/lib/natty-0.12.jar:/Users/Jerry/workspace/CS2103-TaskHandler/lib/slf4j-api-1.7.10.jar
Launcher Type: SUN_STANDARD

Environment Variables:
PATH=/usr/bin:/bin:/usr/sbin:/sbin
SHELL=/bin/bash

Signal Handlers:
SIGSEGV: [libjvm.dylib+0x579dc7], sa_mask[0]=11111111011111110111111111111111, sa_flags=SA_ONSTACK|SA_RESTART|SA_SIGINFO
SIGBUS: [libjvm.dylib+0x579dc7], sa_mask[0]=11111111011111110111111111111111, sa_flags=SA_RESTART|SA_SIGINFO
SIGFPE: [libjvm.dylib+0x45b030], sa_mask[0]=11111111011111110111111111111111, sa_flags=SA_RESTART|SA_SIGINFO
SIGPIPE: [libjvm.dylib+0x45b030], sa_mask[0]=11111111011111110111111111111111, sa_flags=SA_RESTART|SA_SIGINFO
SIGXFSZ: [libjvm.dylib+0x45b030], sa_mask[0]=11111111011111110111111111111111, sa_flags=SA_RESTART|SA_SIGINFO
SIGILL: [libjvm.dylib+0x45b030], sa_mask[0]=11111111011111110111111111111111, sa_flags=SA_RESTART|SA_SIGINFO
SIGUSR1: SIG_DFL, sa_mask[0]=00000000000000000000000000000000, sa_flags=none
SIGUSR2: [libjvm.dylib+0x45ab4e], sa_mask[0]=00100000000000000000000000000000, sa_flags=SA_RESTART|SA_SIGINFO
SIGHUP: [libjvm.dylib+0x459121], sa_mask[0]=11111111011111110111111111111111, sa_flags=SA_RESTART|SA_SIGINFO
SIGINT: [libjvm.dylib+0x459121], sa_mask[0]=11111111011111110111111111111111, sa_flags=SA_RESTART|SA_SIGINFO
SIGTERM: [libjvm.dylib+0x459121], sa_mask[0]=11111111011111110111111111111111, sa_flags=SA_RESTART|SA_SIGINFO
SIGQUIT: [libjvm.dylib+0x459121], sa_mask[0]=11111111011111110111111111111111, sa_flags=SA_RESTART|SA_SIGINFO


---------------  S Y S T E M  ---------------

OS:Bsduname:Darwin 14.0.0 Darwin Kernel Version 14.0.0: Fri Sep 19 00:26:44 PDT 2014; root:xnu-2782.1.97~2/RELEASE_X86_64 x86_64
rlimit: STACK 8192k, CORE 0k, NPROC 709, NOFILE 10240, AS infinity
load average:2.73 2.40 2.46

CPU:total 4 (2 cores per cpu, 2 threads per core) family 6 model 58 stepping 9, cmov, cx8, fxsr, mmx, sse, sse2, sse3, ssse3, sse4.1, sse4.2, popcnt, avx, aes, clmul, erms, ht, tsc, tscinvbit, tscinv

Memory: 4k page, physical 8388608k(21312k free)

/proc/meminfo:


vm_info: Java HotSpot(TM) 64-Bit Server VM (25.25-b02) for bsd-amd64 JRE (1.8.0_25-b17), built on Sep 17 2014 16:56:50 by "java_re" with gcc 4.2.1 (Based on Apple Inc. build 5658) (LLVM build 2336.11.00)

time: Thu Oct 29 14:05:40 2015
elapsed time: 140 seconds (0d 0h 2m 20s)

